gplink-1.4.0 #1107 (Apr  3 2018)
Copyright (c) 1998-2014 gputils project
Listing File Generated: 3-23-2023  18:30:13
 
 
Address  Value    Disassembly              Source
-------  -----    -----------              ------
                                           ;--------------------------------------------------------
                                           ; File Created by SDCC : free open source ANSI-C Compiler
                                           ; Version 4.0.0 #11528 (Linux)
                                           ;--------------------------------------------------------
                                           ; PIC port for the 14-bit core
                                           ;--------------------------------------------------------
                                           ;	.file	"laboratorio_1.c"
                                           	list	p=12f675
                                           	radix dec
                                           	include "p12f675.inc"
                                                   LIST
                                           
                                           ;==========================================================================
                                           ; Build date : Aug 07 2014
                                           ;  MPASM PIC12F675 processor include
                                           ; 
                                           ;  (c) Copyright 1999-2014 Microchip Technology, All rights reserved
                                           ;==========================================================================
                                           
                                                   NOLIST
                                           ;--------------------------------------------------------
                                           ; config word(s)
                                           ;--------------------------------------------------------
002007   0000     nop                      	__config 0x0
                                           ;--------------------------------------------------------
                                           ; external declarations
                                           ;--------------------------------------------------------
                                           	extern	_ANSEL
                                           	extern	_TRISIO
                                           	extern	_ADCON0
                                           	extern	_CMCON
                                           	extern	_GPIO
                                           	extern	_GPIObits
                                           	extern	__sdcc_gsinit_startup
                                           ;--------------------------------------------------------
                                           ; global declarations
                                           ;--------------------------------------------------------
                                           	global	_main
                                           	global	_delay
                                           
                                           	global PSAVE
                                           	global SSAVE
                                           	global WSAVE
                                           	global STK12
                                           	global STK11
                                           	global STK10
                                           	global STK09
                                           	global STK08
                                           	global STK07
                                           	global STK06
                                           	global STK05
                                           	global STK04
                                           	global STK03
                                           	global STK02
                                           	global STK01
                                           	global STK00
                                           
                                           sharebank udata_ovr 0x0020
                                           PSAVE	res 1
                                           SSAVE	res 1
                                           WSAVE	res 1
                                           STK12	res 1
                                           STK11	res 1
                                           STK10	res 1
                                           STK09	res 1
                                           STK08	res 1
                                           STK07	res 1
                                           STK06	res 1
                                           STK05	res 1
                                           STK04	res 1
                                           STK03	res 1
                                           STK02	res 1
                                           STK01	res 1
                                           STK00	res 1
                                           
                                           ;--------------------------------------------------------
                                           ; global definitions
                                           ;--------------------------------------------------------
                                           ;--------------------------------------------------------
                                           ; absolute symbol definitions
                                           ;--------------------------------------------------------
                                           ;--------------------------------------------------------
                                           ; compiler-defined variables
                                           ;--------------------------------------------------------
                                           UDL_laboratorio_1_0	udata
                                           r0x1001	res	1
                                           r0x1000	res	1
                                           r0x1002	res	1
                                           r0x1003	res	1
                                           r0x1004	res	1
                                           r0x1005	res	1
                                           r0x1006	res	1
                                           r0x1007	res	1
                                           ;--------------------------------------------------------
                                           ; initialized data
                                           ;--------------------------------------------------------
                                           ;--------------------------------------------------------
                                           ; initialized absolute data
                                           ;--------------------------------------------------------
                                           ;--------------------------------------------------------
                                           ; overlayable items in internal ram 
                                           ;--------------------------------------------------------
                                           ;	udata_ovr
                                           ;--------------------------------------------------------
                                           ; reset vector 
                                           ;--------------------------------------------------------
                                           STARTUP	code 0x0000
000000   0000     nop                      	nop
                                           	pagesel __sdcc_gsinit_startup
000001   2802     goto    0x0002           	goto	__sdcc_gsinit_startup
                                           ;--------------------------------------------------------
                                           ; code
                                           ;--------------------------------------------------------
                                           code_laboratorio_1	code
                                           ;***
                                           ;  pBlock Stats: dbName = M
                                           ;***
                                           ;has an exit
                                           ;functions called:
                                           ;   _delay
                                           ;   _delay
                                           ;   _delay
                                           ;   _delay
                                           ;   _delay
                                           ;   _delay
                                           ;   _delay
                                           ;   _delay
                                           ;1 compiler assigned register :
                                           ;   STK00
                                           ;; Starting pCode block
                                           S_laboratorio_1__main	code
                                           _main:
                                           ; 2 exit points
                                           ;	.line	11; "laboratorio_1.c"	TRISIO = 0b00000000; //Poner todos los pines como salidas
0000f9   1683     bsf     0x03, 0x5        	BANKSEL	_TRISIO
0000fa   0185     clrf    0x05             	CLRF	_TRISIO
                                           ;	.line	12; "laboratorio_1.c"	GPIO = 0b00010111; //Poner pines en alto
0000fb   3017     movlw   0x17             	MOVLW	0x17
0000fc   1283     bcf     0x03, 0x5        	BANKSEL	_GPIO
0000fd   0085     movwf   0x05             	MOVWF	_GPIO
                                           ;	.line	16; "laboratorio_1.c"	ADCON0=0x00;                // Internal ADC OFF
0000fe   019f     clrf    0x1f             	CLRF	_ADCON0
                                           ;	.line	17; "laboratorio_1.c"	ANSEL=0x00;
0000ff   1683     bsf     0x03, 0x5        	BANKSEL	_ANSEL
000100   019f     clrf    0x1f             	CLRF	_ANSEL
                                           ;	.line	18; "laboratorio_1.c"	CMCON = 0x7;
000101   3007     movlw   0x07             	MOVLW	0x07
000102   1283     bcf     0x03, 0x5        	BANKSEL	_CMCON
000103   0099     movwf   0x19             	MOVWF	_CMCON
                                           _00106_DS_:
                                           ;	.line	33; "laboratorio_1.c"	delay(time);
000104   3064     movlw   0x64             	MOVLW	0x64
000105   00af     movwf   0x2f             	MOVWF	STK00
000106   3000     movlw   0x00             	MOVLW	0x00
                                           	PAGESEL	_delay
000107   20d2     call    0x00d2           	CALL	_delay
                                           	PAGESEL	$
                                           ;	.line	34; "laboratorio_1.c"	delay(time);
000108   3064     movlw   0x64             	MOVLW	0x64
000109   00af     movwf   0x2f             	MOVWF	STK00
00010a   3000     movlw   0x00             	MOVLW	0x00
                                           	PAGESEL	_delay
00010b   20d2     call    0x00d2           	CALL	_delay
                                           	PAGESEL	$
                                           ;	.line	38; "laboratorio_1.c"	GPIO1=1;
00010c   1283     bcf     0x03, 0x5        	BANKSEL	_GPIObits
00010d   1485     bsf     0x05, 0x1        	BSF	_GPIObits,1
                                           ;	.line	39; "laboratorio_1.c"	delay(time);
00010e   3064     movlw   0x64             	MOVLW	0x64
00010f   00af     movwf   0x2f             	MOVWF	STK00
000110   3000     movlw   0x00             	MOVLW	0x00
                                           	PAGESEL	_delay
000111   20d2     call    0x00d2           	CALL	_delay
                                           	PAGESEL	$
                                           ;	.line	40; "laboratorio_1.c"	delay(time);
000112   3064     movlw   0x64             	MOVLW	0x64
000113   00af     movwf   0x2f             	MOVWF	STK00
000114   3000     movlw   0x00             	MOVLW	0x00
                                           	PAGESEL	_delay
000115   20d2     call    0x00d2           	CALL	_delay
                                           	PAGESEL	$
                                           ;	.line	44; "laboratorio_1.c"	GPIO1=0;
000116   1283     bcf     0x03, 0x5        	BANKSEL	_GPIObits
000117   1085     bcf     0x05, 0x1        	BCF	_GPIObits,1
000118   2904     goto    0x0104           	GOTO	_00106_DS_
                                           ;	.line	49; "laboratorio_1.c"	}
000119   0008     return                   	RETURN	
                                           ; exit point of _main
                                           
                                           ;***
                                           ;  pBlock Stats: dbName = C
                                           ;***
                                           ;has an exit
                                           ;9 compiler assigned registers:
                                           ;   r0x1000
                                           ;   STK00
                                           ;   r0x1001
                                           ;   r0x1002
                                           ;   r0x1003
                                           ;   r0x1004
                                           ;   r0x1005
                                           ;   r0x1006
                                           ;   r0x1007
                                           ;; Starting pCode block
                                           S_laboratorio_1__delay	code
                                           _delay:
                                           ; 2 exit points
                                           ;	.line	52; "laboratorio_1.c"	void delay(unsigned int tiempo)
0000d2   00bd     movwf   0x3d             	MOVWF	r0x1000
0000d3   082f     movf    0x2f, 0x0        	MOVF	STK00,W
0000d4   00bc     movwf   0x3c             	MOVWF	r0x1001
                                           ;	.line	57; "laboratorio_1.c"	for(i=0;i<tiempo;i++)
0000d5   01be     clrf    0x3e             	CLRF	r0x1002
0000d6   01bf     clrf    0x3f             	CLRF	r0x1003
                                           _00117_DS_:
0000d7   083d     movf    0x3d, 0x0        	MOVF	r0x1000,W
0000d8   023f     subwf   0x3f, 0x0        	SUBWF	r0x1003,W
0000d9   1d03     btfss   0x03, 0x2        	BTFSS	STATUS,2
0000da   28dd     goto    0x00dd           	GOTO	_00138_DS_
0000db   083c     movf    0x3c, 0x0        	MOVF	r0x1001,W
0000dc   023e     subwf   0x3e, 0x0        	SUBWF	r0x1002,W
                                           _00138_DS_:
0000dd   1803     btfsc   0x03, 0x0        	BTFSC	STATUS,0
0000de   28f8     goto    0x00f8           	GOTO	_00119_DS_
                                           ;;genSkipc:3307: created from rifx:0x7ffe50bc5e40
                                           ;	.line	58; "laboratorio_1.c"	for(j=0;j<1275;j++);
0000df   30fb     movlw   0xfb             	MOVLW	0xfb
0000e0   00c0     movwf   0x40             	MOVWF	r0x1004
0000e1   3004     movlw   0x04             	MOVLW	0x04
0000e2   00c1     movwf   0x41             	MOVWF	r0x1005
                                           _00115_DS_:
0000e3   30ff     movlw   0xff             	MOVLW	0xff
0000e4   0740     addwf   0x40, 0x0        	ADDWF	r0x1004,W
0000e5   00c2     movwf   0x42             	MOVWF	r0x1006
0000e6   30ff     movlw   0xff             	MOVLW	0xff
0000e7   00c3     movwf   0x43             	MOVWF	r0x1007
0000e8   0841     movf    0x41, 0x0        	MOVF	r0x1005,W
0000e9   1803     btfsc   0x03, 0x0        	BTFSC	STATUS,0
0000ea   0f41     incfsz  0x41, 0x0        	INCFSZ	r0x1005,W
0000eb   07c3     addwf   0x43, 0x1        	ADDWF	r0x1007,F
0000ec   0842     movf    0x42, 0x0        	MOVF	r0x1006,W
0000ed   00c0     movwf   0x40             	MOVWF	r0x1004
0000ee   0843     movf    0x43, 0x0        	MOVF	r0x1007,W
0000ef   00c1     movwf   0x41             	MOVWF	r0x1005
0000f0   0843     movf    0x43, 0x0        	MOVF	r0x1007,W
0000f1   0442     iorwf   0x42, 0x0        	IORWF	r0x1006,W
0000f2   1d03     btfss   0x03, 0x2        	BTFSS	STATUS,2
0000f3   28e3     goto    0x00e3           	GOTO	_00115_DS_
                                           ;	.line	57; "laboratorio_1.c"	for(i=0;i<tiempo;i++)
0000f4   0abe     incf    0x3e, 0x1        	INCF	r0x1002,F
0000f5   1903     btfsc   0x03, 0x2        	BTFSC	STATUS,2
0000f6   0abf     incf    0x3f, 0x1        	INCF	r0x1003,F
0000f7   28d7     goto    0x00d7           	GOTO	_00117_DS_
                                           _00119_DS_:
                                           ;	.line	59; "laboratorio_1.c"	}
0000f8   0008     return                   	RETURN	
                                           ; exit point of _delay
                                           
                                           
                                           ;	code size estimation:
                                           ;	   66+   14 =    80 instructions (  188 byte)
                                           
                                           	end
